;Log File:	C:\Users\TestEnv\Desktop\migo\R10\IT\MBT-RD11\MBT-IT\workspaceDir\CMW\sx.log
;Start Log:	Thu  28-Nov-2024 23:59:46
;
;
;%SX-W-SOURCE, no source file information
;  `MEM::40000000'
;%XTP-I, Start Sub Process (WinAMSLite.dll)
;%SX-I-XIPC, function "WinAMS_SPMC_Init" is called by process "WinAMS"
;returned from WinAMS_SPMC_Init
;%SX-I-XIPC, function "src\Subsystem" is called by process "WinAMS"
;returned from Subsystem
;%SX-I-XIPC, function "src\Subsystem" is called by process "WinAMS"
;returned from Subsystem
;%SX-I-XIPC, function "src\Subsystem" is called by process "WinAMS"
;returned from Subsystem
;%winAMS-I-TEST, WinAMS: テストが終了しました。
exit
;%SX-I-PROCESS, process "hsngt0b" was exited with [0]
;%SX-I-PROCESS, process "hsngt0b" is terminated
;
;End   Log:	Thu  28-Nov-2024 23:59:46
;
